<?xml version="1.0" encoding="UTF-8"?>
<testng-results ignored="0" total="1" passed="1" failed="0" skipped="0">
  <reporter-output>
  </reporter-output>
  <suite started-at="2021-07-07T20:31:03 IST" name="Default suite" finished-at="2021-07-07T20:31:05 IST" duration-ms="1612">
    <groups>
    </groups>
    <test started-at="2021-07-07T20:31:03 IST" name="Default test" finished-at="2021-07-07T20:31:05 IST" duration-ms="1612">
      <class name="extentReport5.Report">
        <test-method signature="extentTest()[pri:0, instance:extentReport5.Report@66498326]" started-at="2021-07-07T20:31:03 IST" name="extentTest" finished-at="2021-07-07T20:31:05 IST" duration-ms="1564" status="PASS">
          <reporter-output>
          </reporter-output>
        </test-method> <!-- extentTest -->
      </class> <!-- extentReport5.Report -->
    </test> <!-- Default test -->
  </suite> <!-- Default suite -->
</testng-results>
